<?xml version="1.0" encoding="UTF-8"?>
<testsuites name="trainingSuite" time="29" tests="2" failures="0" errors="0">
   <testsuite name="trainingSuite" tests="2" failures="0" errors="0" time="29" timestamp="2019-04-10 14:31:53" hostname="ukhatsko - ukhatsko2097nt.exadel.by" id="Test Suites/trainingSuite">
      <properties>
         <property name="deviceName" value=""/>
         <property name="devicePlatform" value=""/>
         <property name="logFolder" value="C:\\Users\\ukhatsko\\git\\com.exadel.training\\Reports\\trainingSuite\\20190410_143150"/>
         <property name="logFiles" value="C:\\Users\\ukhatsko\\git\\com.exadel.training\\Reports\\trainingSuite\\20190410_143150\\execution0.log"/>
         <property name="attachments" value=""/>
         <property name="hostName" value="ukhatsko - ukhatsko2097nt.exadel.by"/>
         <property name="os" value="Windows 10 64bit"/>
         <property name="katalonVersion" value="6.1.1.1"/>
         <property name="browser" value="Chrome 73.0.3683.103"/>
         <property name="hostAddress" value="192.168.30.2"/>
         <property name="sessionId" value="a6d18f285d4490e913c114a7551c4262"/>
         <property name="seleniumVersion" value="3.7.1"/>
         <property name="proxyInformation" value="ProxyInformation{proxyOption=NO_PROXY, proxyServerType=HTTP, password=, proxyServerAddress=, proxyServerPort=0}"/>
         <property name="platform" value="Windows 10"/>
      </properties>
      <testcase name="Test Cases/training/FirstTestCase" classname="Test Cases/training/FirstTestCase" status="PASSED">
         <system-out><![CDATA[2019-04-10 14:31:54 - [TEST_CASE][PASSED] - Test Cases/training/FirstTestCase: Test Cases/training/FirstTestCase

2019-04-10 14:31:55 - [TEST_STEP][PASSED] - openBrowser(""): Browser is opened with url: ''

2019-04-10 14:31:55 - [MESSAGE][INFO] - Starting 'Chrome' driver

2019-04-10 14:31:55 - [MESSAGE][INFO] - Action delay is set to 0 seconds

2019-04-10 14:31:59 - [MESSAGE][PASSED] - Browser is opened with url: ''

2019-04-10 14:31:59 - [TEST_STEP][PASSED] - navigateToUrl("https://www.onliner.by/"): Navigate to 'https://www.onliner.by/' successfully

2019-04-10 14:32:02 - [MESSAGE][PASSED] - Navigate to 'https://www.onliner.by/' successfully

2019-04-10 14:32:02 - [TEST_STEP][PASSED] - click(findTestObject("Object Repository/onliner_mobile/Page_Onliner/mobile_catalog_btn")): Object: 'Object Repository/onliner_mobile/Page_Onliner/mobile_catalog_btn' is clicked on

2019-04-10 14:32:07 - [MESSAGE][PASSED] - Object: 'Object Repository/onliner_mobile/Page_Onliner/mobile_catalog_btn' is clicked on

2019-04-10 14:32:07 - [TEST_STEP][PASSED] - verifyElementVisible(findTestObject("Object Repository/onliner_mobile/Page_/mobile_catalog_title")): Object 'Object Repository/onliner_mobile/Page_/mobile_catalog_title' is visible

2019-04-10 14:32:07 - [MESSAGE][PASSED] - Object 'Object Repository/onliner_mobile/Page_/mobile_catalog_title' is visible

2019-04-10 14:32:07 - [TEST_STEP][PASSED] - verifyElementText(findTestObject("Object Repository/onliner_mobile/Page_/mobile_catalog_title"), "Мобильные телефоны"): Actual text and expected text of test object 'Object Repository/onliner_mobile/Page_/mobile_catalog_title' are matched.

2019-04-10 14:32:07 - [MESSAGE][PASSED] - Actual text and expected text of test object 'Object Repository/onliner_mobile/Page_/mobile_catalog_title' are matched.

2019-04-10 14:32:07 - [TEST_STEP][PASSED] - closeBrowser(): Browser is closed

2019-04-10 14:32:08 - [MESSAGE][PASSED] - Browser is closed]]></system-out>
         <system-err><![CDATA[]]></system-err>
      </testcase>
      <testcase name="Test Cases/training/Open Car Catalog page" classname="Test Cases/training/Open Car Catalog page" status="PASSED">
         <system-out><![CDATA[2019-04-10 14:32:08 - [TEST_CASE][PASSED] - Test Cases/training/Open Car Catalog page: Test Cases/training/Open Car Catalog page

2019-04-10 14:32:08 - [TEST_STEP][PASSED] - openBrowser("https://www.onliner.by/"): Browser is opened with url: 'https://www.onliner.by/'

2019-04-10 14:32:08 - [MESSAGE][INFO] - Starting 'Chrome' driver

2019-04-10 14:32:14 - [MESSAGE][PASSED] - Browser is opened with url: 'https://www.onliner.by/'

2019-04-10 14:32:14 - [TEST_STEP][PASSED] - maximizeWindow(): Current window maximized

2019-04-10 14:32:15 - [MESSAGE][PASSED] - Current window maximized

2019-04-10 14:32:15 - [TEST_STEP][PASSED] - waitForElementVisible(findTestObject("Page_Onliner/img__onliner_logo"), 3): Object 'Object Repository/Page_Onliner/img__onliner_logo' is visible

2019-04-10 14:32:15 - [MESSAGE][PASSED] - Object 'Object Repository/Page_Onliner/img__onliner_logo' is visible

2019-04-10 14:32:15 - [TEST_STEP][PASSED] - waitForElementPresent(findTestObject("Object Repository/script_mode/Page_Onliner/span_"), 3): Object 'Object Repository/script_mode/Page_Onliner/span_' is present

2019-04-10 14:32:15 - [MESSAGE][PASSED] - Object 'Object Repository/script_mode/Page_Onliner/span_' is present

2019-04-10 14:32:15 - [TEST_STEP][PASSED] - click(findTestObject("Object Repository/script_mode/Page_Onliner/span_")): Object: 'Object Repository/script_mode/Page_Onliner/span_' is clicked on

2019-04-10 14:32:18 - [MESSAGE][PASSED] - Object: 'Object Repository/script_mode/Page_Onliner/span_' is clicked on

2019-04-10 14:32:18 - [TEST_STEP][PASSED] - waitForElementVisible(findTestObject("Object Repository/script_mode/Page_        -/h1_"), 5): Object 'Object Repository/script_mode/Page_        -/h1_' is visible

2019-04-10 14:32:18 - [MESSAGE][PASSED] - Object 'Object Repository/script_mode/Page_        -/h1_' is visible

2019-04-10 14:32:18 - [TEST_STEP][PASSED] - selectOptionByValue(findTestObject("script_mode/Page_/select_"), "5", false): All options with value '5' are selected in object 'Object Repository/script_mode/Page_/select_' 

2019-04-10 14:32:21 - [MESSAGE][PASSED] - All options with value '5' are selected in object 'Object Repository/script_mode/Page_/select_' 

2019-04-10 14:32:21 - [TEST_STEP][PASSED] - waitForElementPresent(findTestObject("Object Repository/script_mode/Page_        -/h1_"), 5): Object 'Object Repository/script_mode/Page_        -/h1_' is present

2019-04-10 14:32:21 - [MESSAGE][PASSED] - Object 'Object Repository/script_mode/Page_        -/h1_' is present

2019-04-10 14:32:21 - [TEST_STEP][PASSED] - waitForPageLoad(3): Wait for page load successfully

2019-04-10 14:32:21 - [MESSAGE][PASSED] - Wait for page load successfully

2019-04-10 14:32:21 - [TEST_STEP][PASSED] - carCatalogTitle = getText(findTestObject("Object Repository/script_mode/Page_        -/h1_")): Text of object 'Object Repository/script_mode/Page_        -/h1_' is: 'BMW'

2019-04-10 14:32:21 - [MESSAGE][PASSED] - Text of object 'Object Repository/script_mode/Page_        -/h1_' is: 'BMW'

2019-04-10 14:32:21 - [TEST_STEP][PASSED] - verifyEqual(carCatalogTitle, "BMW"): Actual object 'BMW' and expected object 'BMW' are equal

2019-04-10 14:32:21 - [MESSAGE][PASSED] - Actual object 'BMW' and expected object 'BMW' are equal

2019-04-10 14:32:21 - [TEST_STEP][PASSED] - if (carCatalogTitle.equals("BMW")): null

2019-04-10 14:32:21 - [TEST_STEP][PASSED] - println("YESSSS"): null

2019-04-10 14:32:21 - [TEST_STEP][PASSED] - closeBrowser(): Browser is closed

2019-04-10 14:32:22 - [MESSAGE][PASSED] - Browser is closed]]></system-out>
         <system-err><![CDATA[]]></system-err>
      </testcase>
      <system-out><![CDATA[2019-04-10 14:31:53 - [TEST_SUITE][PASSED] - trainingSuite: Test Cases/training/Open Car Catalog page]]></system-out>
      <system-err><![CDATA[]]></system-err>
   </testsuite>
</testsuites>
